( HelloWorld E IS A KEYWORD
( Example 
    Program IS A KEYWORD
( 
    Program
*/
#inclu IS A KEYWORD
( Program
*/
#include <iostream> 

u IS A KEYWORD
( 
#include <iostream> 

using namespace std; 
 IS A KEYWORD
( iostream> 

using namespace std; 
int main()
{
    cout IS A KEYWORD
( 

using namespace std; 
int main()
{
    cout << "Hello World!\n IS A KEYWORD
( namespace std; 
int main()
{
    cout << "Hello World!\n"; //output to scr IS A KEYWORD
( std; 
int main()
{
    cout << "Hello World!\n"; //output to screen
    return IS A KEYWORD
( 
int main()
{
    cout << "Hello World!\n"; //output to screen
    return 0;
}

 IS A KEYWORD
( main()
{
    cout << "Hello World!\n"; //output to screen
    return 0;
}

 IS A KEYWORD
( 
{
    cout << "Hello World!\n"; //output to screen
    return 0;
}

 IS A KEYWORD
( 
    cout << "Hello World!\n"; //output to screen
    return 0;
}

 IS A KEYWORD
( cout << "Hello World!\n"; //output to screen
    return 0;
}

 IS A KEYWORD
( "Hello World!\n"; //output to screen
    return 0;
}

 IS A KEYWORD
( World!\n"; //output to screen
    return 0;
}

 IS A KEYWORD
( output to screen
    return 0;
}

 IS A KEYWORD
( to screen
    return 0;
}

 IS A KEYWORD
( screen
    return 0;
}

 IS A KEYWORD
( return 0;
}

 IS A KEYWORD
( 0;
}

 IS A KEYWORD
( 
}

 IS A KEYWORD
( 

 IS A KEYWORD
